0 info it worked if it ends with ok
1 verbose cli [ '/Users/yuxin/.nvm/versions/node/v7.6.0/bin/node',
1 verbose cli   '/Users/yuxin/.nvm/versions/node/v7.6.0/bin/npm',
1 verbose cli   'publish' ]
2 info using npm@4.1.2
3 info using node@v7.6.0
4 verbose publish [ '.' ]
5 silly cache add args [ '.', null ]
6 verbose cache add spec .
7 silly cache add parsed spec Result {
7 silly cache add   raw: '.',
7 silly cache add   scope: null,
7 silly cache add   escapedName: null,
7 silly cache add   name: null,
7 silly cache add   rawSpec: '.',
7 silly cache add   spec: '/Users/yuxin/workplace/yxxx5/promise-from-stream',
7 silly cache add   type: 'directory' }
8 verbose addLocalDirectory /Users/yuxin/.npm/promise-from-stream/0.1.2/package.tgz not in flight; packing
9 verbose correctMkdir /Users/yuxin/.npm correctMkdir not in flight; initializing
10 info lifecycle promise-from-stream@0.1.2~prepublish: promise-from-stream@0.1.2
11 silly lifecycle promise-from-stream@0.1.2~prepublish: no script for prepublish, continuing
12 info lifecycle promise-from-stream@0.1.2~prepare: promise-from-stream@0.1.2
13 silly lifecycle promise-from-stream@0.1.2~prepare: no script for prepare, continuing
14 verbose tar pack [ '/Users/yuxin/.npm/promise-from-stream/0.1.2/package.tgz',
14 verbose tar pack   '/Users/yuxin/workplace/yxxx5/promise-from-stream' ]
15 verbose tarball /Users/yuxin/.npm/promise-from-stream/0.1.2/package.tgz
16 verbose folder /Users/yuxin/workplace/yxxx5/promise-from-stream
17 verbose addLocalTarball adding from inside cache /Users/yuxin/.npm/promise-from-stream/0.1.2/package.tgz
18 verbose correctMkdir /Users/yuxin/.npm correctMkdir not in flight; initializing
19 silly cache afterAdd promise-from-stream@0.1.2
20 verbose afterAdd /Users/yuxin/.npm/promise-from-stream/0.1.2/package/package.json not in flight; writing
21 verbose correctMkdir /Users/yuxin/.npm correctMkdir not in flight; initializing
22 verbose afterAdd /Users/yuxin/.npm/promise-from-stream/0.1.2/package/package.json written
23 silly publish { name: 'promise-from-stream',
23 silly publish   version: '0.1.2',
23 silly publish   description: '',
23 silly publish   main: 'index.js',
23 silly publish   scripts:
23 silly publish    { test1: 'mocha -t 15000 test/test.js',
23 silly publish      test: 'jest  test/test.js' },
23 silly publish   repository:
23 silly publish    { type: 'git',
23 silly publish      url: 'git+https://github.com/yxxx5/promise-from-stream.git' },
23 silly publish   author: { name: 'yxxx5' },
23 silly publish   license: 'MIT',
23 silly publish   bugs: { url: 'https://github.com/yxxx5/promise-from-stream/issues' },
23 silly publish   homepage: 'https://github.com/yxxx5/promise-from-stream#readme',
23 silly publish   devDependencies:
23 silly publish    { contentstream: '^1.0.0',
23 silly publish      jest: '^19.0.2',
23 silly publish      mocha: '^3.2.0',
23 silly publish      rimraf: '^2.6.1' },
23 silly publish   gitHead: '2bf0acfcad810b5d9b95a4c1dba094d429f36309',
23 silly publish   readme: 'ERROR: No README data found!',
23 silly publish   _id: 'promise-from-stream@0.1.2',
23 silly publish   _shasum: '2c42a02b7feb95c2cf2bd86545b5f0430538c7a3',
23 silly publish   _from: '.' }
24 info lifecycle promise-from-stream@0.1.2~prepublishOnly: promise-from-stream@0.1.2
25 silly lifecycle promise-from-stream@0.1.2~prepublishOnly: no script for prepublishOnly, continuing
26 verbose getPublishConfig undefined
27 silly mapToRegistry name promise-from-stream
28 silly mapToRegistry using default registry
29 silly mapToRegistry registry https://registry.npmjs.org/
30 silly mapToRegistry data Result {
30 silly mapToRegistry   raw: 'promise-from-stream',
30 silly mapToRegistry   scope: null,
30 silly mapToRegistry   escapedName: 'promise-from-stream',
30 silly mapToRegistry   name: 'promise-from-stream',
30 silly mapToRegistry   rawSpec: '',
30 silly mapToRegistry   spec: 'latest',
30 silly mapToRegistry   type: 'tag' }
31 silly mapToRegistry uri https://registry.npmjs.org/promise-from-stream
32 verbose publish registryBase https://registry.npmjs.org/
33 silly publish uploading /Users/yuxin/.npm/promise-from-stream/0.1.2/package.tgz
34 verbose request uri https://registry.npmjs.org/promise-from-stream
35 verbose request sending authorization for write operation
36 info attempt registry request try #1 at 17:47:25
37 verbose request using bearer token for auth
38 verbose request id f8da2756cc536068
39 http request PUT https://registry.npmjs.org/promise-from-stream
40 http 403 https://registry.npmjs.org/promise-from-stream
41 verbose headers { 'content-type': 'application/json',
41 verbose headers   'cache-control': 'max-age=300',
41 verbose headers   'content-length': '95',
41 verbose headers   'accept-ranges': 'bytes',
41 verbose headers   date: 'Tue, 14 Mar 2017 09:47:26 GMT',
41 verbose headers   via: '1.1 varnish',
41 verbose headers   connection: 'keep-alive',
41 verbose headers   'x-served-by': 'cache-itm7426-ITM',
41 verbose headers   'x-cache': 'MISS',
41 verbose headers   'x-cache-hits': '0',
41 verbose headers   'x-timer': 'S1489484845.964809,VS0,VE561',
41 verbose headers   vary: 'Accept-Encoding' }
42 verbose request invalidating /Users/yuxin/.npm/registry.npmjs.org/promise-from-stream on PUT
43 error publish Failed PUT 403
44 verbose stack Error: "You cannot publish over the previously published version 0.1.2." : promise-from-stream
44 verbose stack     at makeError (/Users/yuxin/.nvm/versions/node/v7.6.0/lib/node_modules/npm/node_modules/npm-registry-client/lib/request.js:304:12)
44 verbose stack     at CachingRegistryClient.<anonymous> (/Users/yuxin/.nvm/versions/node/v7.6.0/lib/node_modules/npm/node_modules/npm-registry-client/lib/request.js:292:14)
44 verbose stack     at Request._callback (/Users/yuxin/.nvm/versions/node/v7.6.0/lib/node_modules/npm/node_modules/npm-registry-client/lib/request.js:212:14)
44 verbose stack     at Request.self.callback (/Users/yuxin/.nvm/versions/node/v7.6.0/lib/node_modules/npm/node_modules/request/request.js:186:22)
44 verbose stack     at emitTwo (events.js:106:13)
44 verbose stack     at Request.emit (events.js:192:7)
44 verbose stack     at Request.<anonymous> (/Users/yuxin/.nvm/versions/node/v7.6.0/lib/node_modules/npm/node_modules/request/request.js:1081:10)
44 verbose stack     at emitOne (events.js:96:13)
44 verbose stack     at Request.emit (events.js:189:7)
44 verbose stack     at IncomingMessage.<anonymous> (/Users/yuxin/.nvm/versions/node/v7.6.0/lib/node_modules/npm/node_modules/request/request.js:1001:12)
45 verbose statusCode 403
46 verbose pkgid promise-from-stream
47 verbose cwd /Users/yuxin/workplace/yxxx5/promise-from-stream
48 error Darwin 16.1.0
49 error argv "/Users/yuxin/.nvm/versions/node/v7.6.0/bin/node" "/Users/yuxin/.nvm/versions/node/v7.6.0/bin/npm" "publish"
50 error node v7.6.0
51 error npm  v4.1.2
52 error code E403
53 error "You cannot publish over the previously published version 0.1.2." : promise-from-stream
54 error If you need help, you may report this error at:
54 error     <https://github.com/npm/npm/issues>
55 verbose exit [ 1, true ]
